<?xml version="1.0" encoding="UTF-8"?>
<!-- Generated by org.testng.reporters.JUnitReportReporter -->
<testsuite hostname="IN-PG0352AV" failures="0" tests="1" name="tests.SaveLaterTest" time="21.782" errors="0" timestamp="2024-06-17T16:11:02 IST" skipped="0">
  <testcase classname="tests.SaveLaterTest" name="SaveCart" time="21.782"/>
</testsuite> <!-- tests.SaveLaterTest -->
