<?xml version="1.0" encoding="UTF-8"?>
<!-- Generated by org.testng.reporters.JUnitReportReporter -->
<testsuite hostname="IN-PG0352AV" failures="0" tests="1" name="tests.SecurityPageTest" time="5.728" errors="0" timestamp="2024-06-17T17:16:58 IST" skipped="0">
  <testcase classname="tests.SecurityPageTest" name="SecurityPage" time="5.728"/>
</testsuite> <!-- tests.SecurityPageTest -->
