<?xml version="1.0" encoding="UTF-8"?>
<!-- Generated by org.testng.reporters.JUnitReportReporter -->
<testsuite hostname="IN-PG0352AV" failures="0" tests="1" name="tests.HomePageTest" time="7.006" errors="0" timestamp="2024-06-17T10:58:09 IST" skipped="0">
  <testcase classname="tests.HomePageTest" name="verifyHomePage" time="7.006"/>
</testsuite> <!-- tests.HomePageTest -->
