<?xml version="1.0" encoding="UTF-8"?>
<!-- Generated by org.testng.reporters.JUnitReportReporter -->
<testsuite hostname="IN-PG0352AV" failures="0" tests="1" name="tests.CareersPageTest" time="14.595" errors="0" timestamp="2024-06-16T15:24:48 IST" skipped="0">
  <testcase classname="tests.CareersPageTest" name="testCareersPage" time="14.595"/>
</testsuite> <!-- tests.CareersPageTest -->
