<?xml version="1.0" encoding="UTF-8"?>
<!-- Generated by org.testng.reporters.JUnitReportReporter -->
<testsuite hostname="IN-PG0352AV" failures="0" tests="1" name="tests.AboutPageTest" time="10.965" errors="0" timestamp="2024-06-17T10:19:06 IST" skipped="0">
  <testcase classname="tests.AboutPageTest" name="AboutPage" time="10.965"/>
</testsuite> <!-- tests.AboutPageTest -->
