<?xml version="1.0" encoding="UTF-8"?>
<!-- Generated by org.testng.reporters.JUnitReportReporter -->
<testsuite hostname="IN-PG0352AV" failures="0" tests="1" name="tests.RemoveCartTest" time="26.187" errors="0" timestamp="2024-06-17T17:02:08 IST" skipped="0">
  <testcase classname="tests.RemoveCartTest" name="RemoveCart" time="26.187"/>
</testsuite> <!-- tests.RemoveCartTest -->
