<?xml version="1.0" encoding="UTF-8"?>
<!-- Generated by org.testng.reporters.JUnitReportReporter -->
<testsuite hostname="IN-PG0352AV" failures="0" tests="1" name="tests.TermsPageTest" time="6.763" errors="0" timestamp="2024-06-17T15:17:41 IST" skipped="0">
  <testcase classname="tests.TermsPageTest" name="TermsTest" time="6.763"/>
</testsuite> <!-- tests.TermsPageTest -->
