<?xml version="1.0" encoding="UTF-8"?>
<!-- Generated by org.testng.reporters.JUnitReportReporter -->
<testsuite hostname="IN-PG0352AV" failures="0" tests="1" name="tests.SignUpTest" time="7.173" errors="0" timestamp="2024-06-17T15:43:30 IST" skipped="0">
  <testcase classname="tests.SignUpTest" name="signup" time="7.173"/>
</testsuite> <!-- tests.SignUpTest -->
