<?xml version="1.0" encoding="UTF-8"?>
<!-- Generated by org.testng.reporters.JUnitReportReporter -->
<testsuite hostname="IN-PG0352AV" failures="0" tests="1" name="tests.StoriesPageTest" time="11.193" errors="0" timestamp="2024-06-17T15:20:16 IST" skipped="0">
  <testcase classname="tests.StoriesPageTest" name="StoriesPage" time="11.193"/>
</testsuite> <!-- tests.StoriesPageTest -->
