<?xml version="1.0" encoding="UTF-8"?>
<!-- Generated by org.testng.reporters.JUnitReportReporter -->
<testsuite hostname="IN-PG0352AV" failures="0" tests="1" name="tests.CartPageTest" time="5.405" errors="0" timestamp="2024-06-17T10:18:37 IST" skipped="0">
  <testcase classname="tests.CartPageTest" name="CartPage" time="5.405"/>
</testsuite> <!-- tests.CartPageTest -->
