<?xml version="1.0" encoding="UTF-8"?>
<!-- Generated by org.testng.reporters.JUnitReportReporter -->
<testsuite hostname="IN-PG0352AV" failures="0" tests="1" name="tests.PolicyPageTest" time="10.431" errors="0" timestamp="2024-06-17T19:45:10 IST" skipped="0">
  <testcase classname="tests.PolicyPageTest" name="PolicyPage" time="10.431"/>
</testsuite> <!-- tests.PolicyPageTest -->
