<?xml version="1.0" encoding="UTF-8"?>
<!-- Generated by org.testng.reporters.JUnitReportReporter -->
<testsuite hostname="IN-PG0352AV" failures="0" tests="1" name="tests.ProductDetailsTest" time="13.121" errors="0" timestamp="2024-06-17T17:04:35 IST" skipped="0">
  <testcase classname="tests.ProductDetailsTest" name="ProductDetails" time="13.121"/>
</testsuite> <!-- tests.ProductDetailsTest -->
