<?xml version="1.0" encoding="UTF-8"?>
<!-- Generated by org.testng.reporters.JUnitReportReporter -->
<testsuite hostname="IN-PG0352AV" failures="0" tests="1" name="tests.AddToCartTest" time="20.535" errors="0" timestamp="2024-06-17T17:07:23 IST" skipped="0">
  <testcase classname="tests.AddToCartTest" name="AddtoCart" time="20.535"/>
</testsuite> <!-- tests.AddToCartTest -->
