<?xml version="1.0" encoding="UTF-8"?>
<!-- Generated by org.testng.reporters.JUnitReportReporter -->
<testsuite hostname="IN-PG0352AV" failures="0" tests="1" name="tests.GroceryPageTest" time="8.833" errors="0" timestamp="2024-06-17T10:32:06 IST" skipped="0">
  <testcase classname="tests.GroceryPageTest" name="GroceryPage" time="8.833"/>
</testsuite> <!-- tests.GroceryPageTest -->
