<?xml version="1.0" encoding="UTF-8"?>
<!-- Generated by org.testng.reporters.JUnitReportReporter -->
<testsuite hostname="IN-PG0352AV" failures="0" tests="1" name="tests.SearchProductTest" time="13.927" errors="0" timestamp="2024-06-17T16:04:48 IST" skipped="0">
  <testcase classname="tests.SearchProductTest" name="Search" time="13.927"/>
</testsuite> <!-- tests.SearchProductTest -->
